{"C:\\CS_YanivArad\\React 45\\Project\\TodosApp-Dashboard\\src\\App.jsx": {"path":"C:\\CS_YanivArad\\React 45\\Project\\TodosApp-Dashboard\\src\\App.jsx","statementMap":{"0":{"start":{"line":7,"column":2},"end":{"line":11,"column":3}}},"fnMap":{"0":{"name":"App","decl":{"start":{"line":4,"column":9},"end":{"line":4,"column":12}},"loc":{"start":{"line":4,"column":15},"end":{"line":12,"column":1}},"line":4}},"branchMap":{},"s":{"0":0},"f":{"0":0},"b":{}}
,"C:\\CS_YanivArad\\React 45\\Project\\TodosApp-Dashboard\\src\\GridComponent.jsx": {"path":"C:\\CS_YanivArad\\React 45\\Project\\TodosApp-Dashboard\\src\\GridComponent.jsx","statementMap":{"0":{"start":{"line":27,"column":4},"end":{"line":105,"column":6}},"1":{"start":{"line":31,"column":16},"end":{"line":42,"column":22}},"2":{"start":{"line":36,"column":53},"end":{"line":36,"column":83}},"3":{"start":{"line":37,"column":42},"end":{"line":37,"column":59}},"4":{"start":{"line":50,"column":36},"end":{"line":50,"column":61}},"5":{"start":{"line":52,"column":24},"end":{"line":59,"column":30}},"6":{"start":{"line":57,"column":61},"end":{"line":57,"column":91}},"7":{"start":{"line":64,"column":36},"end":{"line":64,"column":61}},"8":{"start":{"line":66,"column":24},"end":{"line":74,"column":30}},"9":{"start":{"line":72,"column":61},"end":{"line":72,"column":91}},"10":{"start":{"line":80,"column":36},"end":{"line":80,"column":61}},"11":{"start":{"line":82,"column":24},"end":{"line":88,"column":30}},"12":{"start":{"line":86,"column":61},"end":{"line":86,"column":91}},"13":{"start":{"line":93,"column":36},"end":{"line":93,"column":61}},"14":{"start":{"line":95,"column":24},"end":{"line":101,"column":30}},"15":{"start":{"line":99,"column":61},"end":{"line":99,"column":91}}},"fnMap":{"0":{"name":"GridComponent","decl":{"start":{"line":11,"column":9},"end":{"line":11,"column":22}},"loc":{"start":{"line":23,"column":26},"end":{"line":106,"column":1}},"line":23},"1":{"name":"(anonymous_1)","decl":{"start":{"line":30,"column":23},"end":{"line":30,"column":24}},"loc":{"start":{"line":31,"column":16},"end":{"line":42,"column":22}},"line":31},"2":{"name":"(anonymous_2)","decl":{"start":{"line":36,"column":36},"end":{"line":36,"column":37}},"loc":{"start":{"line":36,"column":53},"end":{"line":36,"column":83}},"line":36},"3":{"name":"(anonymous_3)","decl":{"start":{"line":37,"column":36},"end":{"line":37,"column":37}},"loc":{"start":{"line":37,"column":42},"end":{"line":37,"column":59}},"line":37},"4":{"name":"(anonymous_4)","decl":{"start":{"line":50,"column":28},"end":{"line":50,"column":29}},"loc":{"start":{"line":50,"column":36},"end":{"line":50,"column":61}},"line":50},"5":{"name":"(anonymous_5)","decl":{"start":{"line":51,"column":25},"end":{"line":51,"column":26}},"loc":{"start":{"line":52,"column":24},"end":{"line":59,"column":30}},"line":52},"6":{"name":"(anonymous_6)","decl":{"start":{"line":57,"column":44},"end":{"line":57,"column":45}},"loc":{"start":{"line":57,"column":61},"end":{"line":57,"column":91}},"line":57},"7":{"name":"(anonymous_7)","decl":{"start":{"line":64,"column":28},"end":{"line":64,"column":29}},"loc":{"start":{"line":64,"column":36},"end":{"line":64,"column":61}},"line":64},"8":{"name":"(anonymous_8)","decl":{"start":{"line":65,"column":25},"end":{"line":65,"column":26}},"loc":{"start":{"line":66,"column":24},"end":{"line":74,"column":30}},"line":66},"9":{"name":"(anonymous_9)","decl":{"start":{"line":72,"column":44},"end":{"line":72,"column":45}},"loc":{"start":{"line":72,"column":61},"end":{"line":72,"column":91}},"line":72},"10":{"name":"(anonymous_10)","decl":{"start":{"line":80,"column":28},"end":{"line":80,"column":29}},"loc":{"start":{"line":80,"column":36},"end":{"line":80,"column":61}},"line":80},"11":{"name":"(anonymous_11)","decl":{"start":{"line":81,"column":25},"end":{"line":81,"column":26}},"loc":{"start":{"line":82,"column":24},"end":{"line":88,"column":30}},"line":82},"12":{"name":"(anonymous_12)","decl":{"start":{"line":86,"column":44},"end":{"line":86,"column":45}},"loc":{"start":{"line":86,"column":61},"end":{"line":86,"column":91}},"line":86},"13":{"name":"(anonymous_13)","decl":{"start":{"line":93,"column":28},"end":{"line":93,"column":29}},"loc":{"start":{"line":93,"column":36},"end":{"line":93,"column":61}},"line":93},"14":{"name":"(anonymous_14)","decl":{"start":{"line":94,"column":25},"end":{"line":94,"column":26}},"loc":{"start":{"line":95,"column":24},"end":{"line":101,"column":30}},"line":95},"15":{"name":"(anonymous_15)","decl":{"start":{"line":99,"column":44},"end":{"line":99,"column":45}},"loc":{"start":{"line":99,"column":61},"end":{"line":99,"column":91}},"line":99}},"branchMap":{"0":{"loc":{"start":{"line":48,"column":13},"end":{"line":60,"column":23}},"type":"binary-expr","locations":[{"start":{"line":48,"column":13},"end":{"line":48,"column":26}},{"start":{"line":49,"column":17},"end":{"line":60,"column":22}}],"line":48},"1":{"loc":{"start":{"line":61,"column":13},"end":{"line":75,"column":23}},"type":"binary-expr","locations":[{"start":{"line":61,"column":13},"end":{"line":61,"column":26}},{"start":{"line":62,"column":17},"end":{"line":75,"column":22}}],"line":61},"2":{"loc":{"start":{"line":78,"column":13},"end":{"line":89,"column":22}},"type":"binary-expr","locations":[{"start":{"line":78,"column":13},"end":{"line":78,"column":26}},{"start":{"line":79,"column":16},"end":{"line":89,"column":22}}],"line":78},"3":{"loc":{"start":{"line":91,"column":13},"end":{"line":102,"column":22}},"type":"binary-expr","locations":[{"start":{"line":91,"column":13},"end":{"line":91,"column":26}},{"start":{"line":92,"column":16},"end":{"line":102,"column":22}}],"line":91}},"s":{"0":0,"1":0,"2":0,"3":0,"4":0,"5":0,"6":0,"7":0,"8":0,"9":0,"10":0,"11":0,"12":0,"13":0,"14":0,"15":0},"f":{"0":0,"1":0,"2":0,"3":0,"4":0,"5":0,"6":0,"7":0,"8":0,"9":0,"10":0,"11":0,"12":0,"13":0,"14":0,"15":0},"b":{"0":[0,0],"1":[0,0],"2":[0,0],"3":[0,0]}}
,"C:\\CS_YanivArad\\React 45\\Project\\TodosApp-Dashboard\\src\\TodoMain.jsx": {"path":"C:\\CS_YanivArad\\React 45\\Project\\TodosApp-Dashboard\\src\\TodoMain.jsx","statementMap":{"0":{"start":{"line":9,"column":24},"end":{"line":9,"column":28}},"1":{"start":{"line":12,"column":30},"end":{"line":12,"column":42}},"2":{"start":{"line":14,"column":30},"end":{"line":14,"column":42}},"3":{"start":{"line":17,"column":30},"end":{"line":17,"column":42}},"4":{"start":{"line":19,"column":40},"end":{"line":19,"column":52}},"5":{"start":{"line":21,"column":46},"end":{"line":21,"column":58}},"6":{"start":{"line":23,"column":34},"end":{"line":23,"column":46}},"7":{"start":{"line":24,"column":42},"end":{"line":24,"column":57}},"8":{"start":{"line":26,"column":46},"end":{"line":26,"column":60}},"9":{"start":{"line":30,"column":4},"end":{"line":33,"column":47}},"10":{"start":{"line":31,"column":8},"end":{"line":31,"column":40}},"11":{"start":{"line":33,"column":8},"end":{"line":33,"column":47}},"12":{"start":{"line":36,"column":22},"end":{"line":47,"column":5}},"13":{"start":{"line":37,"column":26},"end":{"line":37,"column":45}},"14":{"start":{"line":38,"column":26},"end":{"line":38,"column":45}},"15":{"start":{"line":39,"column":26},"end":{"line":39,"column":45}},"16":{"start":{"line":40,"column":8},"end":{"line":46,"column":9}},"17":{"start":{"line":41,"column":12},"end":{"line":41,"column":36}},"18":{"start":{"line":42,"column":12},"end":{"line":42,"column":36}},"19":{"start":{"line":43,"column":12},"end":{"line":43,"column":36}},"20":{"start":{"line":45,"column":12},"end":{"line":45,"column":44}},"21":{"start":{"line":49,"column":4},"end":{"line":53,"column":7}},"22":{"start":{"line":51,"column":8},"end":{"line":51,"column":20}},"23":{"start":{"line":55,"column":4},"end":{"line":62,"column":28}},"24":{"start":{"line":56,"column":24},"end":{"line":58,"column":9}},"25":{"start":{"line":57,"column":12},"end":{"line":57,"column":70}},"26":{"start":{"line":59,"column":8},"end":{"line":59,"column":34}},"27":{"start":{"line":60,"column":8},"end":{"line":60,"column":47}},"28":{"start":{"line":64,"column":28},"end":{"line":67,"column":5}},"29":{"start":{"line":65,"column":8},"end":{"line":65,"column":39}},"30":{"start":{"line":66,"column":8},"end":{"line":66,"column":33}},"31":{"start":{"line":69,"column":29},"end":{"line":71,"column":5}},"32":{"start":{"line":70,"column":8},"end":{"line":70,"column":38}},"33":{"start":{"line":90,"column":21},"end":{"line":93,"column":5}},"34":{"start":{"line":91,"column":8},"end":{"line":91,"column":24}},"35":{"start":{"line":92,"column":8},"end":{"line":92,"column":29}},"36":{"start":{"line":97,"column":23},"end":{"line":101,"column":5}},"37":{"start":{"line":98,"column":25},"end":{"line":98,"column":35}},"38":{"start":{"line":99,"column":8},"end":{"line":99,"column":38}},"39":{"start":{"line":100,"column":8},"end":{"line":100,"column":27}},"40":{"start":{"line":104,"column":23},"end":{"line":108,"column":5}},"41":{"start":{"line":105,"column":25},"end":{"line":105,"column":35}},"42":{"start":{"line":106,"column":8},"end":{"line":106,"column":38}},"43":{"start":{"line":107,"column":8},"end":{"line":107,"column":27}},"44":{"start":{"line":111,"column":23},"end":{"line":115,"column":5}},"45":{"start":{"line":112,"column":25},"end":{"line":112,"column":35}},"46":{"start":{"line":113,"column":8},"end":{"line":113,"column":38}},"47":{"start":{"line":114,"column":8},"end":{"line":114,"column":27}},"48":{"start":{"line":118,"column":23},"end":{"line":121,"column":5}},"49":{"start":{"line":119,"column":25},"end":{"line":119,"column":60}},"50":{"start":{"line":119,"column":48},"end":{"line":119,"column":59}},"51":{"start":{"line":120,"column":8},"end":{"line":120,"column":27}},"52":{"start":{"line":124,"column":4},"end":{"line":144,"column":6}},"53":{"start":{"line":129,"column":45},"end":{"line":129,"column":70}}},"fnMap":{"0":{"name":"TodoMain","decl":{"start":{"line":7,"column":9},"end":{"line":7,"column":17}},"loc":{"start":{"line":7,"column":20},"end":{"line":145,"column":1}},"line":7},"1":{"name":"(anonymous_1)","decl":{"start":{"line":36,"column":22},"end":{"line":36,"column":23}},"loc":{"start":{"line":36,"column":34},"end":{"line":47,"column":5}},"line":36},"2":{"name":"(anonymous_2)","decl":{"start":{"line":49,"column":14},"end":{"line":49,"column":15}},"loc":{"start":{"line":49,"column":20},"end":{"line":53,"column":5}},"line":49},"3":{"name":"(anonymous_3)","decl":{"start":{"line":55,"column":14},"end":{"line":55,"column":15}},"loc":{"start":{"line":55,"column":20},"end":{"line":62,"column":5}},"line":55},"4":{"name":"(anonymous_4)","decl":{"start":{"line":56,"column":37},"end":{"line":56,"column":38}},"loc":{"start":{"line":57,"column":12},"end":{"line":57,"column":70}},"line":57},"5":{"name":"(anonymous_5)","decl":{"start":{"line":64,"column":28},"end":{"line":64,"column":29}},"loc":{"start":{"line":64,"column":40},"end":{"line":67,"column":5}},"line":64},"6":{"name":"(anonymous_6)","decl":{"start":{"line":69,"column":29},"end":{"line":69,"column":30}},"loc":{"start":{"line":69,"column":35},"end":{"line":71,"column":5}},"line":69},"7":{"name":"(anonymous_7)","decl":{"start":{"line":90,"column":21},"end":{"line":90,"column":22}},"loc":{"start":{"line":90,"column":30},"end":{"line":93,"column":5}},"line":90},"8":{"name":"(anonymous_8)","decl":{"start":{"line":97,"column":23},"end":{"line":97,"column":24}},"loc":{"start":{"line":97,"column":47},"end":{"line":101,"column":5}},"line":97},"9":{"name":"(anonymous_9)","decl":{"start":{"line":104,"column":23},"end":{"line":104,"column":24}},"loc":{"start":{"line":104,"column":47},"end":{"line":108,"column":5}},"line":104},"10":{"name":"(anonymous_10)","decl":{"start":{"line":111,"column":23},"end":{"line":111,"column":24}},"loc":{"start":{"line":111,"column":47},"end":{"line":115,"column":5}},"line":111},"11":{"name":"(anonymous_11)","decl":{"start":{"line":118,"column":23},"end":{"line":118,"column":24}},"loc":{"start":{"line":118,"column":34},"end":{"line":121,"column":5}},"line":118},"12":{"name":"(anonymous_12)","decl":{"start":{"line":119,"column":38},"end":{"line":119,"column":39}},"loc":{"start":{"line":119,"column":48},"end":{"line":119,"column":59}},"line":119},"13":{"name":"(anonymous_13)","decl":{"start":{"line":129,"column":39},"end":{"line":129,"column":40}},"loc":{"start":{"line":129,"column":45},"end":{"line":129,"column":70}},"line":129}},"branchMap":{"0":{"loc":{"start":{"line":30,"column":4},"end":{"line":33,"column":47}},"type":"if","locations":[{"start":{"line":30,"column":4},"end":{"line":33,"column":47}},{"start":{"line":33,"column":8},"end":{"line":33,"column":47}}],"line":30},"1":{"loc":{"start":{"line":40,"column":8},"end":{"line":46,"column":9}},"type":"if","locations":[{"start":{"line":40,"column":8},"end":{"line":46,"column":9}},{"start":{"line":44,"column":15},"end":{"line":46,"column":9}}],"line":40},"2":{"loc":{"start":{"line":40,"column":12},"end":{"line":40,"column":98}},"type":"binary-expr","locations":[{"start":{"line":40,"column":12},"end":{"line":40,"column":38}},{"start":{"line":40,"column":42},"end":{"line":40,"column":68}},{"start":{"line":40,"column":72},"end":{"line":40,"column":98}}],"line":40},"3":{"loc":{"start":{"line":127,"column":13},"end":{"line":127,"column":77}},"type":"binary-expr","locations":[{"start":{"line":127,"column":13},"end":{"line":127,"column":24}},{"start":{"line":127,"column":28},"end":{"line":127,"column":77}}],"line":127}},"s":{"0":0,"1":0,"2":0,"3":0,"4":0,"5":0,"6":0,"7":0,"8":0,"9":0,"10":0,"11":0,"12":0,"13":0,"14":0,"15":0,"16":0,"17":0,"18":0,"19":0,"20":0,"21":0,"22":0,"23":0,"24":0,"25":0,"26":0,"27":0,"28":0,"29":0,"30":0,"31":0,"32":0,"33":0,"34":0,"35":0,"36":0,"37":0,"38":0,"39":0,"40":0,"41":0,"42":0,"43":0,"44":0,"45":0,"46":0,"47":0,"48":0,"49":0,"50":0,"51":0,"52":0,"53":0},"f":{"0":0,"1":0,"2":0,"3":0,"4":0,"5":0,"6":0,"7":0,"8":0,"9":0,"10":0,"11":0,"12":0,"13":0},"b":{"0":[0,0],"1":[0,0],"2":[0,0,0],"3":[0,0]}}
,"C:\\CS_YanivArad\\React 45\\Project\\TodosApp-Dashboard\\src\\main.jsx": {"path":"C:\\CS_YanivArad\\React 45\\Project\\TodosApp-Dashboard\\src\\main.jsx","statementMap":{"0":{"start":{"line":6,"column":0},"end":{"line":10,"column":1}}},"fnMap":{},"branchMap":{},"s":{"0":0},"f":{},"b":{}}
,"C:\\CS_YanivArad\\React 45\\Project\\TodosApp-Dashboard\\src\\components\\Post.jsx": {"path":"C:\\CS_YanivArad\\React 45\\Project\\TodosApp-Dashboard\\src\\components\\Post.jsx","statementMap":{"0":{"start":{"line":6,"column":25},"end":{"line":12,"column":5}},"1":{"start":{"line":7,"column":29},"end":{"line":7,"column":67}},"2":{"start":{"line":8,"column":28},"end":{"line":8,"column":64}},"3":{"start":{"line":9,"column":8},"end":{"line":11,"column":9}},"4":{"start":{"line":10,"column":12},"end":{"line":10,"column":67}},"5":{"start":{"line":14,"column":4},"end":{"line":30,"column":6}}},"fnMap":{"0":{"name":"Post","decl":{"start":{"line":5,"column":9},"end":{"line":5,"column":13}},"loc":{"start":{"line":5,"column":43},"end":{"line":31,"column":1}},"line":5},"1":{"name":"(anonymous_1)","decl":{"start":{"line":6,"column":25},"end":{"line":6,"column":26}},"loc":{"start":{"line":6,"column":31},"end":{"line":12,"column":5}},"line":6}},"branchMap":{"0":{"loc":{"start":{"line":9,"column":8},"end":{"line":11,"column":9}},"type":"if","locations":[{"start":{"line":9,"column":8},"end":{"line":11,"column":9}},{"start":{},"end":{}}],"line":9},"1":{"loc":{"start":{"line":9,"column":12},"end":{"line":9,"column":39}},"type":"binary-expr","locations":[{"start":{"line":9,"column":12},"end":{"line":9,"column":24}},{"start":{"line":9,"column":28},"end":{"line":9,"column":39}}],"line":9}},"s":{"0":0,"1":0,"2":0,"3":0,"4":0,"5":0},"f":{"0":0,"1":0},"b":{"0":[0,0],"1":[0,0]}}
,"C:\\CS_YanivArad\\React 45\\Project\\TodosApp-Dashboard\\src\\components\\SearchComponent.jsx": {"path":"C:\\CS_YanivArad\\React 45\\Project\\TodosApp-Dashboard\\src\\components\\SearchComponent.jsx","statementMap":{"0":{"start":{"line":3,"column":25},"end":{"line":5,"column":5}},"1":{"start":{"line":4,"column":8},"end":{"line":4,"column":37}},"2":{"start":{"line":7,"column":4},"end":{"line":13,"column":6}}},"fnMap":{"0":{"name":"SearchComponent","decl":{"start":{"line":2,"column":9},"end":{"line":2,"column":24}},"loc":{"start":{"line":2,"column":39},"end":{"line":14,"column":1}},"line":2},"1":{"name":"(anonymous_1)","decl":{"start":{"line":3,"column":25},"end":{"line":3,"column":26}},"loc":{"start":{"line":3,"column":36},"end":{"line":5,"column":5}},"line":3}},"branchMap":{},"s":{"0":0,"1":0,"2":0},"f":{"0":0,"1":0},"b":{}}
,"C:\\CS_YanivArad\\React 45\\Project\\TodosApp-Dashboard\\src\\components\\TodoList.jsx": {"path":"C:\\CS_YanivArad\\React 45\\Project\\TodosApp-Dashboard\\src\\components\\TodoList.jsx","statementMap":{"0":{"start":{"line":5,"column":25},"end":{"line":11,"column":5}},"1":{"start":{"line":6,"column":28},"end":{"line":6,"column":68}},"2":{"start":{"line":7,"column":30},"end":{"line":7,"column":64}},"3":{"start":{"line":8,"column":8},"end":{"line":10,"column":9}},"4":{"start":{"line":9,"column":12},"end":{"line":9,"column":69}},"5":{"start":{"line":13,"column":4},"end":{"line":29,"column":6}}},"fnMap":{"0":{"name":"TodoList","decl":{"start":{"line":4,"column":9},"end":{"line":4,"column":17}},"loc":{"start":{"line":4,"column":52},"end":{"line":30,"column":1}},"line":4},"1":{"name":"(anonymous_1)","decl":{"start":{"line":5,"column":25},"end":{"line":5,"column":26}},"loc":{"start":{"line":5,"column":31},"end":{"line":11,"column":5}},"line":5}},"branchMap":{"0":{"loc":{"start":{"line":8,"column":8},"end":{"line":10,"column":9}},"type":"if","locations":[{"start":{"line":8,"column":8},"end":{"line":10,"column":9}},{"start":{},"end":{}}],"line":8},"1":{"loc":{"start":{"line":24,"column":20},"end":{"line":24,"column":48}},"type":"cond-expr","locations":[{"start":{"line":24,"column":29},"end":{"line":24,"column":35}},{"start":{"line":24,"column":38},"end":{"line":24,"column":48}}],"line":24}},"s":{"0":0,"1":0,"2":0,"3":0,"4":0,"5":0},"f":{"0":0,"1":0},"b":{"0":[0,0],"1":[0,0]}}
,"C:\\CS_YanivArad\\React 45\\Project\\TodosApp-Dashboard\\src\\components\\UserAddress.jsx": {"path":"C:\\CS_YanivArad\\React 45\\Project\\TodosApp-Dashboard\\src\\components\\UserAddress.jsx","statementMap":{"0":{"start":{"line":5,"column":25},"end":{"line":10,"column":5}},"1":{"start":{"line":6,"column":30},"end":{"line":6,"column":65}},"2":{"start":{"line":7,"column":8},"end":{"line":9,"column":9}},"3":{"start":{"line":8,"column":12},"end":{"line":8,"column":78}},"4":{"start":{"line":12,"column":4},"end":{"line":33,"column":6}}},"fnMap":{"0":{"name":"UserAddress","decl":{"start":{"line":4,"column":9},"end":{"line":4,"column":20}},"loc":{"start":{"line":4,"column":60},"end":{"line":34,"column":1}},"line":4},"1":{"name":"(anonymous_1)","decl":{"start":{"line":5,"column":25},"end":{"line":5,"column":26}},"loc":{"start":{"line":5,"column":31},"end":{"line":10,"column":5}},"line":5}},"branchMap":{"0":{"loc":{"start":{"line":7,"column":8},"end":{"line":9,"column":9}},"type":"if","locations":[{"start":{"line":7,"column":8},"end":{"line":9,"column":9}},{"start":{},"end":{}}],"line":7}},"s":{"0":0,"1":0,"2":0,"3":0,"4":0},"f":{"0":0,"1":0},"b":{"0":[0,0]}}
,"C:\\CS_YanivArad\\React 45\\Project\\TodosApp-Dashboard\\src\\components\\UserInfo.jsx": {"path":"C:\\CS_YanivArad\\React 45\\Project\\TodosApp-Dashboard\\src\\components\\UserInfo.jsx","statementMap":{"0":{"start":{"line":8,"column":26},"end":{"line":8,"column":44}},"1":{"start":{"line":10,"column":25},"end":{"line":15,"column":5}},"2":{"start":{"line":11,"column":28},"end":{"line":11,"column":59}},"3":{"start":{"line":12,"column":8},"end":{"line":14,"column":9}},"4":{"start":{"line":13,"column":12},"end":{"line":13,"column":61}},"5":{"start":{"line":17,"column":35},"end":{"line":17,"column":63}},"6":{"start":{"line":19,"column":26},"end":{"line":25,"column":5}},"7":{"start":{"line":20,"column":8},"end":{"line":24,"column":38}},"8":{"start":{"line":22,"column":16},"end":{"line":22,"column":42}},"9":{"start":{"line":24,"column":12},"end":{"line":24,"column":38}},"10":{"start":{"line":28,"column":4},"end":{"line":53,"column":6}},"11":{"start":{"line":50,"column":38},"end":{"line":50,"column":61}}},"fnMap":{"0":{"name":"UserInfo","decl":{"start":{"line":6,"column":9},"end":{"line":6,"column":17}},"loc":{"start":{"line":6,"column":103},"end":{"line":54,"column":1}},"line":6},"1":{"name":"(anonymous_1)","decl":{"start":{"line":10,"column":25},"end":{"line":10,"column":26}},"loc":{"start":{"line":10,"column":31},"end":{"line":15,"column":5}},"line":10},"2":{"name":"(anonymous_2)","decl":{"start":{"line":19,"column":26},"end":{"line":19,"column":27}},"loc":{"start":{"line":19,"column":32},"end":{"line":25,"column":5}},"line":19},"3":{"name":"(anonymous_3)","decl":{"start":{"line":50,"column":34},"end":{"line":50,"column":35}},"loc":{"start":{"line":50,"column":38},"end":{"line":50,"column":61}},"line":50}},"branchMap":{"0":{"loc":{"start":{"line":12,"column":8},"end":{"line":14,"column":9}},"type":"if","locations":[{"start":{"line":12,"column":8},"end":{"line":14,"column":9}},{"start":{},"end":{}}],"line":12},"1":{"loc":{"start":{"line":20,"column":8},"end":{"line":24,"column":38}},"type":"if","locations":[{"start":{"line":20,"column":8},"end":{"line":24,"column":38}},{"start":{"line":24,"column":12},"end":{"line":24,"column":38}}],"line":20}},"s":{"0":0,"1":0,"2":0,"3":0,"4":0,"5":0,"6":0,"7":0,"8":0,"9":0,"10":0,"11":0},"f":{"0":0,"1":0,"2":0,"3":0},"b":{"0":[0,0],"1":[0,0]}}
,"C:\\CS_YanivArad\\React 45\\Project\\TodosApp-Dashboard\\src\\tests\\mockUsers.js": {"path":"C:\\CS_YanivArad\\React 45\\Project\\TodosApp-Dashboard\\src\\tests\\mockUsers.js","statementMap":{"0":{"start":{"line":2,"column":25},"end":{"line":8,"column":56}}},"fnMap":{},"branchMap":{},"s":{"0":0},"f":{},"b":{}}
,"C:\\CS_YanivArad\\React 45\\Project\\TodosApp-Dashboard\\src\\utils\\utils.js": {"path":"C:\\CS_YanivArad\\React 45\\Project\\TodosApp-Dashboard\\src\\utils\\utils.js","statementMap":{"0":{"start":{"line":4,"column":18},"end":{"line":4,"column":62}},"1":{"start":{"line":5,"column":18},"end":{"line":5,"column":62}},"2":{"start":{"line":6,"column":18},"end":{"line":6,"column":62}},"3":{"start":{"line":9,"column":21},"end":{"line":16,"column":2}},"4":{"start":{"line":10,"column":5},"end":{"line":15,"column":6}},"5":{"start":{"line":11,"column":30},"end":{"line":11,"column":56}},"6":{"start":{"line":12,"column":9},"end":{"line":12,"column":71}},"7":{"start":{"line":14,"column":9},"end":{"line":14,"column":93}},"8":{"start":{"line":19,"column":25},"end":{"line":26,"column":5}},"9":{"start":{"line":20,"column":8},"end":{"line":25,"column":9}},"10":{"start":{"line":21,"column":33},"end":{"line":21,"column":59}},"11":{"start":{"line":22,"column":12},"end":{"line":22,"column":74}},"12":{"start":{"line":24,"column":12},"end":{"line":24,"column":89}},"13":{"start":{"line":28,"column":25},"end":{"line":35,"column":5}},"14":{"start":{"line":29,"column":8},"end":{"line":34,"column":9}},"15":{"start":{"line":30,"column":33},"end":{"line":30,"column":59}},"16":{"start":{"line":31,"column":12},"end":{"line":31,"column":74}},"17":{"start":{"line":33,"column":12},"end":{"line":33,"column":89}}},"fnMap":{"0":{"name":"(anonymous_0)","decl":{"start":{"line":9,"column":21},"end":{"line":9,"column":22}},"loc":{"start":{"line":9,"column":33},"end":{"line":16,"column":2}},"line":9},"1":{"name":"(anonymous_1)","decl":{"start":{"line":19,"column":25},"end":{"line":19,"column":26}},"loc":{"start":{"line":19,"column":37},"end":{"line":26,"column":5}},"line":19},"2":{"name":"(anonymous_2)","decl":{"start":{"line":28,"column":25},"end":{"line":28,"column":26}},"loc":{"start":{"line":28,"column":37},"end":{"line":35,"column":5}},"line":28}},"branchMap":{},"s":{"0":0,"1":0,"2":0,"3":0,"4":0,"5":0,"6":0,"7":0,"8":0,"9":0,"10":0,"11":0,"12":0,"13":0,"14":0,"15":0,"16":0,"17":0},"f":{"0":0,"1":0,"2":0},"b":{}}
}
